{"total": {"lines":{"total":33,"covered":33,"skipped":0,"pct":100},"statements":{"total":41,"covered":39,"skipped":0,"pct":95.12},"functions":{"total":10,"covered":10,"skipped":0,"pct":100},"branches":{"total":10,"covered":8,"skipped":0,"pct":80},"branchesTrue":{"total":0,"covered":0,"skipped":0,"pct":"Unknown"}}
,"/Users/jasonnorwood-young/Development/xd-crossword-parser/index.js": {"lines":{"total":33,"covered":33,"skipped":0,"pct":100},"functions":{"total":10,"covered":10,"skipped":0,"pct":100},"statements":{"total":41,"covered":39,"skipped":0,"pct":95.12},"branches":{"total":10,"covered":8,"skipped":0,"pct":80}}
}
