{"/Users/jasonnorwood-young/Development/xd-crossword-parser/index.js": {"path":"/Users/jasonnorwood-young/Development/xd-crossword-parser/index.js","statementMap":{"0":{"start":{"line":6,"column":22},"end":{"line":6,"column":66}},"1":{"start":{"line":6,"column":55},"end":{"line":6,"column":65}},"2":{"start":{"line":7,"column":8},"end":{"line":7,"column":93}},"3":{"start":{"line":7,"column":32},"end":{"line":7,"column":93}},"4":{"start":{"line":8,"column":24},"end":{"line":8,"column":32}},"5":{"start":{"line":9,"column":24},"end":{"line":9,"column":32}},"6":{"start":{"line":10,"column":26},"end":{"line":10,"column":34}},"7":{"start":{"line":11,"column":24},"end":{"line":11,"column":32}},"8":{"start":{"line":12,"column":21},"end":{"line":12,"column":41}},"9":{"start":{"line":13,"column":21},"end":{"line":13,"column":41}},"10":{"start":{"line":14,"column":23},"end":{"line":14,"column":46}},"11":{"start":{"line":15,"column":21},"end":{"line":15,"column":42}},"12":{"start":{"line":16,"column":8},"end":{"line":16,"column":83}},"13":{"start":{"line":20,"column":26},"end":{"line":20,"column":76}},"14":{"start":{"line":20,"column":58},"end":{"line":20,"column":75}},"15":{"start":{"line":21,"column":19},"end":{"line":21,"column":21}},"16":{"start":{"line":22,"column":8},"end":{"line":25,"column":11}},"17":{"start":{"line":23,"column":30},"end":{"line":23,"column":50}},"18":{"start":{"line":24,"column":12},"end":{"line":24,"column":46}},"19":{"start":{"line":26,"column":8},"end":{"line":26,"column":20}},"20":{"start":{"line":30,"column":21},"end":{"line":30,"column":23}},"21":{"start":{"line":31,"column":22},"end":{"line":31,"column":72}},"22":{"start":{"line":31,"column":54},"end":{"line":31,"column":71}},"23":{"start":{"line":32,"column":8},"end":{"line":34,"column":9}},"24":{"start":{"line":32,"column":21},"end":{"line":32,"column":22}},"25":{"start":{"line":33,"column":12},"end":{"line":33,"column":43}},"26":{"start":{"line":35,"column":8},"end":{"line":35,"column":22}},"27":{"start":{"line":39,"column":21},"end":{"line":39,"column":23}},"28":{"start":{"line":40,"column":22},"end":{"line":40,"column":73}},"29":{"start":{"line":40,"column":55},"end":{"line":40,"column":72}},"30":{"start":{"line":41,"column":22},"end":{"line":41,"column":49}},"31":{"start":{"line":42,"column":8},"end":{"line":52,"column":9}},"32":{"start":{"line":42,"column":21},"end":{"line":42,"column":22}},"33":{"start":{"line":43,"column":26},"end":{"line":43,"column":47}},"34":{"start":{"line":44,"column":12},"end":{"line":44,"column":83}},"35":{"start":{"line":44,"column":36},"end":{"line":44,"column":83}},"36":{"start":{"line":46,"column":29},"end":{"line":46,"column":56}},"37":{"start":{"line":47,"column":12},"end":{"line":51,"column":13}},"38":{"start":{"line":53,"column":8},"end":{"line":53,"column":22}},"39":{"start":{"line":56,"column":4},"end":{"line":56,"column":29}},"40":{"start":{"line":59,"column":0},"end":{"line":59,"column":26}}},"fnMap":{"0":{"name":"XDParser","decl":{"start":{"line":3,"column":9},"end":{"line":3,"column":17}},"loc":{"start":{"line":3,"column":24},"end":{"line":57,"column":1}},"line":3},"1":{"name":"processData","decl":{"start":{"line":4,"column":13},"end":{"line":4,"column":24}},"loc":{"start":{"line":4,"column":31},"end":{"line":17,"column":5}},"line":4},"2":{"name":"(anonymous_2)","decl":{"start":{"line":6,"column":50},"end":{"line":6,"column":51}},"loc":{"start":{"line":6,"column":55},"end":{"line":6,"column":65}},"line":6},"3":{"name":"processMeta","decl":{"start":{"line":19,"column":13},"end":{"line":19,"column":24}},"loc":{"start":{"line":19,"column":34},"end":{"line":27,"column":5}},"line":19},"4":{"name":"(anonymous_4)","decl":{"start":{"line":20,"column":53},"end":{"line":20,"column":54}},"loc":{"start":{"line":20,"column":58},"end":{"line":20,"column":75}},"line":20},"5":{"name":"(anonymous_5)","decl":{"start":{"line":22,"column":26},"end":{"line":22,"column":27}},"loc":{"start":{"line":22,"column":38},"end":{"line":25,"column":9}},"line":22},"6":{"name":"processGrid","decl":{"start":{"line":29,"column":13},"end":{"line":29,"column":24}},"loc":{"start":{"line":29,"column":34},"end":{"line":36,"column":5}},"line":29},"7":{"name":"(anonymous_7)","decl":{"start":{"line":31,"column":49},"end":{"line":31,"column":50}},"loc":{"start":{"line":31,"column":54},"end":{"line":31,"column":71}},"line":31},"8":{"name":"processClues","decl":{"start":{"line":38,"column":13},"end":{"line":38,"column":25}},"loc":{"start":{"line":38,"column":36},"end":{"line":54,"column":5}},"line":38},"9":{"name":"(anonymous_9)","decl":{"start":{"line":40,"column":50},"end":{"line":40,"column":51}},"loc":{"start":{"line":40,"column":55},"end":{"line":40,"column":72}},"line":40}},"branchMap":{"0":{"loc":{"start":{"line":7,"column":8},"end":{"line":7,"column":93}},"type":"if","locations":[{"start":{"line":7,"column":8},"end":{"line":7,"column":93}},{"start":{},"end":{}}],"line":7},"1":{"loc":{"start":{"line":20,"column":58},"end":{"line":20,"column":75}},"type":"binary-expr","locations":[{"start":{"line":20,"column":59},"end":{"line":20,"column":60}},{"start":{"line":20,"column":65},"end":{"line":20,"column":75}}],"line":20},"2":{"loc":{"start":{"line":31,"column":54},"end":{"line":31,"column":71}},"type":"binary-expr","locations":[{"start":{"line":31,"column":55},"end":{"line":31,"column":56}},{"start":{"line":31,"column":61},"end":{"line":31,"column":71}}],"line":31},"3":{"loc":{"start":{"line":40,"column":55},"end":{"line":40,"column":72}},"type":"binary-expr","locations":[{"start":{"line":40,"column":56},"end":{"line":40,"column":57}},{"start":{"line":40,"column":62},"end":{"line":40,"column":72}}],"line":40},"4":{"loc":{"start":{"line":44,"column":12},"end":{"line":44,"column":83}},"type":"if","locations":[{"start":{"line":44,"column":12},"end":{"line":44,"column":83}},{"start":{},"end":{}}],"line":44}},"s":{"0":4,"1":28,"2":4,"3":0,"4":4,"5":4,"6":4,"7":4,"8":4,"9":4,"10":4,"11":4,"12":4,"13":4,"14":24,"15":4,"16":4,"17":16,"18":16,"19":4,"20":4,"21":4,"22":68,"23":4,"24":4,"25":60,"26":4,"27":8,"28":8,"29":312,"30":8,"31":8,"32":8,"33":296,"34":296,"35":0,"36":296,"37":296,"38":8,"39":4,"40":1},"f":{"0":4,"1":4,"2":28,"3":4,"4":24,"5":16,"6":4,"7":68,"8":8,"9":312},"b":{"0":[0,4],"1":[24,16],"2":[68,60],"3":[312,296],"4":[0,296]},"_coverageSchema":"1a1c01bbd47fc00a2c39e90264f33305004495a9","hash":"b3d641190917f6f7e590f9a5d0a078de31c3280a"}
}
