{"total": {"lines":{"total":35,"covered":34,"skipped":0,"pct":97.14},"statements":{"total":44,"covered":40,"skipped":0,"pct":90.9},"functions":{"total":11,"covered":10,"skipped":0,"pct":90.9},"branches":{"total":12,"covered":9,"skipped":0,"pct":75},"branchesTrue":{"total":0,"covered":0,"skipped":0,"pct":"Unknown"}}
,"/Users/jasonnorwood-young/Development/xd-crossword-parser/index.js": {"lines":{"total":35,"covered":34,"skipped":0,"pct":97.14},"functions":{"total":11,"covered":10,"skipped":0,"pct":90.9},"statements":{"total":44,"covered":40,"skipped":0,"pct":90.9},"branches":{"total":12,"covered":9,"skipped":0,"pct":75}}
}
