TN:
SF:index.js
FN:3,XDParser
FN:4,processData
FN:6,(anonymous_2)
FN:19,processMeta
FN:20,(anonymous_4)
FN:22,(anonymous_5)
FN:29,processGrid
FN:31,(anonymous_7)
FN:38,processClues
FN:40,(anonymous_9)
FNF:10
FNH:10
FNDA:4,XDParser
FNDA:4,processData
FNDA:28,(anonymous_2)
FNDA:4,processMeta
FNDA:24,(anonymous_4)
FNDA:16,(anonymous_5)
FNDA:4,processGrid
FNDA:68,(anonymous_7)
FNDA:8,processClues
FNDA:312,(anonymous_9)
DA:6,28
DA:7,4
DA:8,4
DA:9,4
DA:10,4
DA:11,4
DA:12,4
DA:13,4
DA:14,4
DA:15,4
DA:16,4
DA:20,24
DA:21,4
DA:22,4
DA:23,16
DA:24,16
DA:26,4
DA:30,4
DA:31,68
DA:32,4
DA:33,60
DA:35,4
DA:39,8
DA:40,312
DA:41,8
DA:42,8
DA:43,296
DA:44,296
DA:46,296
DA:47,296
DA:53,8
DA:56,4
DA:59,1
LF:33
LH:33
BRDA:7,0,0,0
BRDA:7,0,1,4
BRDA:20,1,0,24
BRDA:20,1,1,16
BRDA:31,2,0,68
BRDA:31,2,1,60
BRDA:40,3,0,312
BRDA:40,3,1,296
BRDA:44,4,0,0
BRDA:44,4,1,296
BRF:10
BRH:8
end_of_record
