TN:
SF:index.js
FN:3,XDParser
FN:4,processData
FN:6,(anonymous_2)
FN:9,(anonymous_3)
FN:26,processMeta
FN:27,(anonymous_5)
FN:29,(anonymous_6)
FN:36,processGrid
FN:38,(anonymous_8)
FN:45,processClues
FN:47,(anonymous_10)
FNF:11
FNH:11
FNDA:16,XDParser
FNDA:16,processData
FNDA:321,(anonymous_2)
FNDA:18,(anonymous_3)
FNDA:15,processMeta
FNDA:81,(anonymous_5)
FNDA:60,(anonymous_6)
FNDA:15,processGrid
FNDA:210,(anonymous_8)
FNDA:29,processClues
FNDA:945,(anonymous_10)
DA:6,321
DA:7,16
DA:9,18
DA:10,4
DA:11,16
DA:14,16
DA:15,15
DA:16,15
DA:17,15
DA:18,15
DA:19,15
DA:20,15
DA:21,15
DA:22,14
DA:23,14
DA:27,81
DA:28,15
DA:29,15
DA:30,60
DA:31,60
DA:33,15
DA:37,15
DA:38,210
DA:39,15
DA:40,186
DA:42,15
DA:46,29
DA:47,945
DA:48,29
DA:49,29
DA:50,899
DA:51,897
DA:52,897
DA:54,896
DA:55,896
DA:61,28
DA:64,16
DA:67,1
LF:38
LH:38
BRDA:7,0,0,4
BRDA:7,0,1,12
BRDA:14,1,0,1
BRDA:14,1,1,15
BRDA:27,2,0,81
BRDA:27,2,1,60
BRDA:38,3,0,210
BRDA:38,3,1,186
BRDA:47,4,0,945
BRDA:47,4,1,899
BRDA:50,5,0,2
BRDA:50,5,1,897
BRDA:52,6,0,1
BRDA:52,6,1,896
BRDA:52,7,0,897
BRDA:52,7,1,896
BRF:16
BRH:16
end_of_record
